\BOOKMARK [1][-]{section.1}{\376\377\000P\000r\000a\000v\000i\000d\000l\000a\000\040\000h\000r\000y}{}% 1
\BOOKMARK [1][-]{section.2}{\376\377\000I\000m\000p\000l\000e\000m\000e\000n\000t\000a\000c\000e\000\040\000p\000r\000o\000g\000r\000a\000m\000u}{}% 2
\BOOKMARK [1][-]{section.3}{\376\377\000K\000o\000m\000u\000n\000i\000k\000a\001\015\000n\000\355\000\040\000p\000r\000o\000t\000o\000k\000o\000l}{}% 3
\BOOKMARK [2][-]{subsection.3.1}{\376\377\000S\000t\000a\000v\000\040\000u\001\176\000i\000v\000a\000t\000e\000l\000e}{section.3}% 4
\BOOKMARK [2][-]{subsection.3.2}{\376\377\000S\000t\000a\000v\000o\000v\000\375\000\040\000d\000i\000a\000g\000r\000a\000m}{section.3}% 5
\BOOKMARK [2][-]{subsection.3.3}{\376\377\000C\000h\000y\000b\000o\000v\000\351\000\040\000k\000\363\000d\000y}{section.3}% 6
\BOOKMARK [2][-]{subsection.3.4}{\376\377\000S\000k\000u\000p\000i\000n\000y\000\040\000z\000p\000r\000\341\000v}{section.3}% 7
\BOOKMARK [3][-]{subsubsection.3.4.1}{\376\377\000N\000a\000v\000\341\000z\000\341\000n\000\355\000\040\000s\000p\000o\000j\000e\000n\000\355}{subsection.3.4}% 8
\BOOKMARK [3][-]{subsubsection.3.4.2}{\376\377\000P\001\131\000i\000p\000o\000j\000e\000n\000\355}{subsection.3.4}% 9
\BOOKMARK [3][-]{subsubsection.3.4.3}{\376\377\000V\000y\000t\000v\000o\001\131\000e\000n\000\355\000\040\000m\000\355\000s\000t\000n\000o\000s\000t\000i}{subsection.3.4}% 10
\BOOKMARK [3][-]{subsubsection.3.4.4}{\376\377\000S\000e\000z\000n\000a\000m\000\040\000m\000\355\000s\000t\000n\000o\000s\000t\000\355}{subsection.3.4}% 11
\BOOKMARK [3][-]{subsubsection.3.4.5}{\376\377\000P\001\131\000i\000p\000o\000j\000e\000n\000\355\000\040\000d\000o\000\040\000m\000\355\000s\000t\000n\000o\000s\000t\000i}{subsection.3.4}% 12
\BOOKMARK [3][-]{subsubsection.3.4.6}{\376\377\000O\000d\000e\000j\000\355\000t\000\040\000z\000\040\000m\000\355\000s\000t\000n\000o\000s\000t\000i}{subsection.3.4}% 13
\BOOKMARK [3][-]{subsubsection.3.4.7}{\376\377\000V\000s\000t\000u\000p\000\040\000d\000o\000\040\000h\000r\000y}{subsection.3.4}% 14
\BOOKMARK [3][-]{subsubsection.3.4.8}{\376\377\000H\000e\000r\000n\000\355\000\040\000p\000l\000o\000c\000h\000a\000\040\000p\001\131\000i\000p\000r\000a\000v\000e\000n\000a}{subsection.3.4}% 15
\BOOKMARK [3][-]{subsubsection.3.4.9}{\376\377\000S\000t\001\131\000e\000l\000b\000a}{subsection.3.4}% 16
\BOOKMARK [3][-]{subsubsection.3.4.10}{\376\377\000I\000n\000f\000o\000r\000m\000a\000c\000e\000\040\000o\000\040\000h\001\131\000e}{subsection.3.4}% 17
\BOOKMARK [3][-]{subsubsection.3.4.11}{\376\377\000U\000k\000o\000n\001\015\000e\000n\000\355\000\040\000h\000r\000y}{subsection.3.4}% 18
\BOOKMARK [3][-]{subsubsection.3.4.12}{\376\377\000O\000d\000p\000o\000j\000e\000n\000\355}{subsection.3.4}% 19
\BOOKMARK [1][-]{section.4}{\376\377\000I\000m\000p\000l\000e\000m\000e\000n\000t\000a\000c\000e\000\040\000s\000e\000r\000v\000e\000r\000u}{}% 20
\BOOKMARK [2][-]{subsection.4.1}{\376\377\000P\000o\000p\000i\000s\000\040\000s\000l\000o\001\176\000e\000k\000\040\000a\000\040\000j\000e\000d\000n\000o\000t\000l\000i\000v\000\375\000c\000h\000\040\000s\000o\000u\000b\000o\000r\001\157}{section.4}% 21
\BOOKMARK [3][-]{subsubsection.4.1.1}{\376\377\000m\000a\000i\000n\000.\000c\000/\000h}{subsection.4.1}% 22
\BOOKMARK [3][-]{subsubsection.4.1.2}{\376\377\000S\000l\000o\001\176\000k\000a\000\040\000s\000t\000r\000u\000c\000t\000u\000r\000e\000s}{subsection.4.1}% 23
\BOOKMARK [3][-]{subsubsection.4.1.3}{\376\377\000S\000l\000o\001\176\000k\000a\000\040\000g\000a\000m\000e}{subsection.4.1}% 24
\BOOKMARK [3][-]{subsubsection.4.1.4}{\376\377\000S\000l\000o\001\176\000k\000a\000\040\000c\000o\000m\000m\000u\000n\000i\000c\000a\000t\000i\000o\000n}{subsection.4.1}% 25
\BOOKMARK [1][-]{section.5}{\376\377\000I\000m\000p\000l\000e\000m\000e\000n\000t\000a\000c\000e\000\040\000k\000l\000i\000e\000n\000t\000a}{}% 26
\BOOKMARK [2][-]{subsection.5.1}{\376\377\000R\000o\000z\000d\001\033\000l\000e\000n\000\355}{section.5}% 27
\BOOKMARK [2][-]{subsection.5.2}{\376\377\000N\000e\000j\000d\001\157\000l\000e\001\176\000i\000t\001\033\000j\001\141\000\355\000\040\001\015\000\341\000s\000t\000i\000\040\000m\000o\000d\000e\000l\000u\000\040\000p\001\131\000i\000p\000o\000j\000e\000n\000\355}{section.5}% 28
\BOOKMARK [3][-]{subsubsection.5.2.1}{\376\377\000R\000e\000c\000i\000e\000v\000e\000r}{subsection.5.2}% 29
\BOOKMARK [3][-]{subsubsection.5.2.2}{\376\377\000M\000e\000s\000s\000a\000g\000e\000H\000a\000n\000d\000l\000e\000r}{subsection.5.2}% 30
\BOOKMARK [2][-]{subsection.5.3}{\376\377\000N\000e\000j\000d\001\157\000l\000e\001\176\000i\000t\001\033\000j\001\141\000\355\000\040\001\015\000\341\000s\000t\000i\000\040\000m\000o\000d\000e\000l\000u\000d\000\040\000h\000r\000y}{section.5}% 31
\BOOKMARK [3][-]{subsubsection.5.3.1}{\376\377\000G\000a\000m\000e\000M\000o\000d\000e\000l}{subsection.5.3}% 32
\BOOKMARK [3][-]{subsubsection.5.3.2}{\376\377\000G\000a\000m\000e\000B\000o\000a\000r\000d}{subsection.5.3}% 33
\BOOKMARK [2][-]{subsection.5.4}{\376\377\000H\000l\000a\000v\000n\000\355}{section.5}% 34
\BOOKMARK [3][-]{subsubsection.5.4.1}{\376\377\000A\000p\000p}{subsection.5.4}% 35
\BOOKMARK [1][-]{section.6}{\376\377\000U\001\176\000i\000v\000a\000t\000e\000l\000s\000k\000\341\000\040\000d\000o\000k\000u\000m\000e\000n\000t\000a\000c\000e}{}% 36
\BOOKMARK [2][-]{subsection.6.1}{\376\377\000P\001\131\000e\000k\000l\000a\000d\000\040\000s\000e\000r\000v\000e\000r\000u}{section.6}% 37
\BOOKMARK [2][-]{subsection.6.2}{\376\377\000S\000p\000u\001\141\000t\001\033\000n\000\355\000\040\000s\000e\000r\000v\000e\000r\000u}{section.6}% 38
\BOOKMARK [2][-]{subsection.6.3}{\376\377\000P\001\131\000e\000k\000l\000a\000d\000\040\000a\000\040\000s\000p\000u\001\141\000t\001\033\000n\000\355\000\040\000k\000l\000i\000e\000n\000t\000a}{section.6}% 39
\BOOKMARK [1][-]{section.7}{\376\377\000Z\000\341\000v\001\033\000r}{}% 40
